2019-02-27 13:26:35,326 INFO o.s.w.c.ContextLoader [locator request thread[1]] Root WebApplicationContext: initialization started
2019-02-27 13:26:35,362 INFO o.s.w.c.s.XmlWebApplicationContext [locator request thread[1]] Refreshing Root WebApplicationContext: startup date [Wed Feb 27 13:26:35 PST 2019]; root of context hierarchy
2019-02-27 13:26:35,390 INFO o.s.b.f.x.XmlBeanDefinitionReader [locator request thread[1]] Loading XML bean definitions from ServletContext resource [/WEB-INF/mvc-dispatcher-servlet.xml]
2019-02-27 13:26:35,530 INFO o.s.b.f.x.XmlBeanDefinitionReader [locator request thread[1]] Loading XML bean definitions from ServletContext resource [/WEB-INF/spring-security.xml]
2019-02-27 13:26:35,553 INFO o.s.s.c.SpringSecurityCoreVersion [locator request thread[1]] You are running with Spring Security Core 4.2.7.RELEASE
2019-02-27 13:26:35,556 INFO o.s.s.c.SecurityNamespaceHandler [locator request thread[1]] Spring Security 'config' module version is 4.2.7.RELEASE
2019-02-27 13:26:35,584 INFO o.s.s.c.h.FilterInvocationSecurityMetadataSourceParser [locator request thread[1]] Creating access control expression attribute 'permitAll' for /login.html
2019-02-27 13:26:35,584 INFO o.s.s.c.h.FilterInvocationSecurityMetadataSourceParser [locator request thread[1]] Creating access control expression attribute 'permitAll' for /authenticateUser
2019-02-27 13:26:35,585 INFO o.s.s.c.h.FilterInvocationSecurityMetadataSourceParser [locator request thread[1]] Creating access control expression attribute 'permitAll' for /pulseVersion
2019-02-27 13:26:35,585 INFO o.s.s.c.h.FilterInvocationSecurityMetadataSourceParser [locator request thread[1]] Creating access control expression attribute 'hasRole('CLUSTER:READ') and hasRole('DATA:READ')' for /dataBrowser*
2019-02-27 13:26:35,585 INFO o.s.s.c.h.FilterInvocationSecurityMetadataSourceParser [locator request thread[1]] Creating access control expression attribute 'hasRole('CLUSTER:READ') and hasRole('DATA:READ')' for /getQueryStatisticsGridModel/*
2019-02-27 13:26:35,585 INFO o.s.s.c.h.FilterInvocationSecurityMetadataSourceParser [locator request thread[1]] Creating access control expression attribute 'hasRole('CLUSTER:READ')' for /*
2019-02-27 13:26:35,605 INFO o.s.s.c.h.HttpSecurityBeanDefinitionParser [locator request thread[1]] Checking sorted filter chain: [Root bean: class [org.springframework.security.web.context.SecurityContextPersistenceFilter]; scope=; abstract=false; lazyInit=false; autowireMode=0; dependencyCheck=0; autowireCandidate=true; primary=false; factoryBeanName=null; factoryMethodName=null; initMethodName=null; destroyMethodName=null, order = 200, Root bean: class [org.springframework.security.web.context.request.async.WebAsyncManagerIntegrationFilter]; scope=; abstract=false; lazyInit=false; autowireMode=0; dependencyCheck=0; autowireCandidate=true; primary=false; factoryBeanName=null; factoryMethodName=null; initMethodName=null; destroyMethodName=null, order = 400, Root bean: class [org.springframework.security.web.header.HeaderWriterFilter]; scope=; abstract=false; lazyInit=false; autowireMode=0; dependencyCheck=0; autowireCandidate=true; primary=false; factoryBeanName=null; factoryMethodName=null; initMethodName=null; destroyMethodName=null, order = 500, Root bean: class [org.springframework.security.web.authentication.logout.LogoutFilter]; scope=; abstract=false; lazyInit=false; autowireMode=0; dependencyCheck=0; autowireCandidate=true; primary=false; factoryBeanName=null; factoryMethodName=null; initMethodName=null; destroyMethodName=null, order = 800, <org.springframework.security.web.authentication.UsernamePasswordAuthenticationFilter#0>, order = 1200, Root bean: class [org.springframework.security.web.authentication.www.BasicAuthenticationFilter]; scope=; abstract=false; lazyInit=false; autowireMode=0; dependencyCheck=0; autowireCandidate=true; primary=false; factoryBeanName=null; factoryMethodName=null; initMethodName=null; destroyMethodName=null, order = 1600, Root bean: class [org.springframework.security.web.savedrequest.RequestCacheAwareFilter]; scope=; abstract=false; lazyInit=false; autowireMode=0; dependencyCheck=0; autowireCandidate=true; primary=false; factoryBeanName=null; factoryMethodName=null; initMethodName=null; destroyMethodName=null, order = 1700, Root bean: class [null]; scope=; abstract=false; lazyInit=false; autowireMode=0; dependencyCheck=0; autowireCandidate=true; primary=false; factoryBeanName=org.springframework.security.config.http.HttpConfigurationBuilder$SecurityContextHolderAwareRequestFilterBeanFactory#0; factoryMethodName=getBean; initMethodName=null; destroyMethodName=null, order = 1800, Root bean: class [org.springframework.security.web.authentication.AnonymousAuthenticationFilter]; scope=; abstract=false; lazyInit=false; autowireMode=0; dependencyCheck=0; autowireCandidate=true; primary=false; factoryBeanName=null; factoryMethodName=null; initMethodName=null; destroyMethodName=null, order = 2100, Root bean: class [org.springframework.security.web.session.SessionManagementFilter]; scope=; abstract=false; lazyInit=false; autowireMode=0; dependencyCheck=0; autowireCandidate=true; primary=false; factoryBeanName=null; factoryMethodName=null; initMethodName=null; destroyMethodName=null, order = 2200, Root bean: class [org.springframework.security.web.access.ExceptionTranslationFilter]; scope=; abstract=false; lazyInit=false; autowireMode=0; dependencyCheck=0; autowireCandidate=true; primary=false; factoryBeanName=null; factoryMethodName=null; initMethodName=null; destroyMethodName=null, order = 2300, <org.springframework.security.web.access.intercept.FilterSecurityInterceptor#0>, order = 2400]
2019-02-27 13:26:35,613 INFO o.s.b.f.x.DefaultBeanDefinitionDocumentReader [locator request thread[1]] Skipped XML bean definition file due to specified profiles [pulse.authentication.gemfire] not matching: ServletContext resource [/WEB-INF/spring-security.xml]
2019-02-27 13:26:35,614 INFO o.s.b.f.x.DefaultBeanDefinitionDocumentReader [locator request thread[1]] Skipped XML bean definition file due to specified profiles [pulse.authentication.custom] not matching: ServletContext resource [/WEB-INF/spring-security.xml]
2019-02-27 13:26:36,084 INFO o.s.w.s.m.m.a.RequestMappingHandlerMapping [locator request thread[1]] Mapped "{[/pulseVersion],methods=[GET]}" onto public void org.apache.geode.tools.pulse.internal.controllers.PulseController.pulseVersion(javax.servlet.http.HttpServletRequest,javax.servlet.http.HttpServletResponse) throws java.io.IOException
2019-02-27 13:26:36,085 INFO o.s.w.s.m.m.a.RequestMappingHandlerMapping [locator request thread[1]] Mapped "{[/pulseUpdate],methods=[POST]}" onto public void org.apache.geode.tools.pulse.internal.controllers.PulseController.getPulseUpdate(javax.servlet.http.HttpServletRequest,javax.servlet.http.HttpServletResponse) throws java.io.IOException
2019-02-27 13:26:36,086 INFO o.s.w.s.m.m.a.RequestMappingHandlerMapping [locator request thread[1]] Mapped "{[/authenticateUser],methods=[GET]}" onto public void org.apache.geode.tools.pulse.internal.controllers.PulseController.authenticateUser(javax.servlet.http.HttpServletRequest,javax.servlet.http.HttpServletResponse) throws java.io.IOException
2019-02-27 13:26:36,086 INFO o.s.w.s.m.m.a.RequestMappingHandlerMapping [locator request thread[1]] Mapped "{[/clearAlerts],methods=[GET]}" onto public void org.apache.geode.tools.pulse.internal.controllers.PulseController.clearAlerts(javax.servlet.http.HttpServletRequest,javax.servlet.http.HttpServletResponse) throws java.io.IOException
2019-02-27 13:26:36,086 INFO o.s.w.s.m.m.a.RequestMappingHandlerMapping [locator request thread[1]] Mapped "{[/acknowledgeAlert],methods=[GET]}" onto public void org.apache.geode.tools.pulse.internal.controllers.PulseController.acknowledgeAlert(javax.servlet.http.HttpServletRequest,javax.servlet.http.HttpServletResponse) throws java.io.IOException
2019-02-27 13:26:36,086 INFO o.s.w.s.m.m.a.RequestMappingHandlerMapping [locator request thread[1]] Mapped "{[/dataBrowserRegions],methods=[GET]}" onto public void org.apache.geode.tools.pulse.internal.controllers.PulseController.dataBrowserRegions(javax.servlet.http.HttpServletRequest,javax.servlet.http.HttpServletResponse) throws java.io.IOException
2019-02-27 13:26:36,087 INFO o.s.w.s.m.m.a.RequestMappingHandlerMapping [locator request thread[1]] Mapped "{[/dataBrowserQuery],methods=[GET]}" onto public void org.apache.geode.tools.pulse.internal.controllers.PulseController.dataBrowserQuery(javax.servlet.http.HttpServletRequest,javax.servlet.http.HttpServletResponse) throws java.io.IOException
2019-02-27 13:26:36,087 INFO o.s.w.s.m.m.a.RequestMappingHandlerMapping [locator request thread[1]] Mapped "{[/dataBrowserQueryHistory],methods=[GET]}" onto public void org.apache.geode.tools.pulse.internal.controllers.PulseController.dataBrowserQueryHistory(javax.servlet.http.HttpServletRequest,javax.servlet.http.HttpServletResponse) throws java.io.IOException
2019-02-27 13:26:36,088 INFO o.s.w.s.m.m.a.RequestMappingHandlerMapping [locator request thread[1]] Mapped "{[/dataBrowserExport],methods=[GET]}" onto public void org.apache.geode.tools.pulse.internal.controllers.PulseController.dataBrowserExport(javax.servlet.http.HttpServletRequest,javax.servlet.http.HttpServletResponse) throws java.io.IOException
2019-02-27 13:26:36,088 INFO o.s.w.s.m.m.a.RequestMappingHandlerMapping [locator request thread[1]] Mapped "{[/getQueryStatisticsGridModel],methods=[GET]}" onto public void org.apache.geode.tools.pulse.internal.controllers.PulseController.getQueryStatisticsGridModel(javax.servlet.http.HttpServletRequest,javax.servlet.http.HttpServletResponse) throws java.io.IOException
2019-02-27 13:26:36,153 INFO o.s.w.s.m.m.a.RequestMappingHandlerAdapter [locator request thread[1]] Looking for @ControllerAdvice: Root WebApplicationContext: startup date [Wed Feb 27 13:26:35 PST 2019]; root of context hierarchy
2019-02-27 13:26:36,194 INFO o.s.w.s.m.m.a.RequestMappingHandlerAdapter [locator request thread[1]] Looking for @ControllerAdvice: Root WebApplicationContext: startup date [Wed Feb 27 13:26:35 PST 2019]; root of context hierarchy
2019-02-27 13:26:36,216 INFO o.s.w.s.m.m.a.ExceptionHandlerExceptionResolver [locator request thread[1]] Detected @ExceptionHandler methods in exceptionHandlingAdvice
2019-02-27 13:26:36,243 INFO o.s.w.s.h.SimpleUrlHandlerMapping [locator request thread[1]] Mapped URL path [/**] onto handler 'org.springframework.web.servlet.resource.DefaultServletHttpRequestHandler#0'
2019-02-27 13:26:36,486 INFO o.s.s.w.DefaultSecurityFilterChain [locator request thread[1]] Creating filter chain: org.springframework.security.web.util.matcher.AnyRequestMatcher@1, [org.springframework.security.web.context.SecurityContextPersistenceFilter@1619a404, org.springframework.security.web.context.request.async.WebAsyncManagerIntegrationFilter@12aac861, org.springframework.security.web.header.HeaderWriterFilter@57f71c20, org.springframework.security.web.authentication.logout.LogoutFilter@3f5fc7fe, org.springframework.security.web.authentication.UsernamePasswordAuthenticationFilter@64bd7d95, org.springframework.security.web.authentication.www.BasicAuthenticationFilter@209048a3, org.springframework.security.web.savedrequest.RequestCacheAwareFilter@4f69468d, org.springframework.security.web.servletapi.SecurityContextHolderAwareRequestFilter@ec808a9, org.springframework.security.web.authentication.AnonymousAuthenticationFilter@1968d30, org.springframework.security.web.session.SessionManagementFilter@23e108f1, org.springframework.security.web.access.ExceptionTranslationFilter@26396f2e, org.springframework.security.web.access.intercept.FilterSecurityInterceptor@68faa600]
2019-02-27 13:26:36,499 INFO o.s.s.c.h.DefaultFilterChainValidator [locator request thread[1]] Checking whether login URL '/login.html' is accessible with your configuration
2019-02-27 13:26:36,559 INFO o.s.w.c.ContextLoader [locator request thread[1]] Root WebApplicationContext: initialization completed in 1229 ms
2019-02-27 13:26:36,559 INFO o.a.g.t.p.i.PulseAppListener [locator request thread[1]] Context Initialized.. 
2019-02-27 13:26:36,560 INFO o.a.g.t.p.i.PulseAppListener [locator request thread[1]] pulse.properties File Found 
2019-02-27 13:26:36,560 INFO o.a.g.t.p.i.PulseAppListener [locator request thread[1]] GemFireVersion.properties File Found 
2019-02-27 13:26:36,560 INFO o.a.g.t.p.i.PulseAppListener [locator request thread[1]] Pulse Version: 9.6.0 root 14 2018-10-05 17:40:11 +0000
2019-02-27 13:26:36,560 INFO o.a.g.t.p.i.PulseAppListener [locator request thread[1]] pulsesecurity.properties File Found 
2019-02-27 13:26:36,560 INFO o.a.g.t.p.i.PulseAppListener [locator request thread[1]] Checking whether Pulse is running in embedded mode..
2019-02-27 13:26:36,561 INFO o.a.g.t.p.i.PulseAppListener [locator request thread[1]] Pulse is running in Embedded Mode..
2019-02-27 13:26:36,568 INFO o.s.w.s.DispatcherServlet [locator request thread[1]] FrameworkServlet 'mvc-dispatcher': initialization started
2019-02-27 13:26:36,571 INFO o.s.w.c.s.XmlWebApplicationContext [locator request thread[1]] Refreshing WebApplicationContext for namespace 'mvc-dispatcher-servlet': startup date [Wed Feb 27 13:26:36 PST 2019]; parent: Root WebApplicationContext
2019-02-27 13:26:36,571 INFO o.s.b.f.x.XmlBeanDefinitionReader [locator request thread[1]] Loading XML bean definitions from ServletContext resource [/WEB-INF/mvc-dispatcher-servlet.xml]
2019-02-27 13:26:36,690 INFO o.s.w.s.m.m.a.RequestMappingHandlerMapping [locator request thread[1]] Mapped "{[/pulseVersion],methods=[GET]}" onto public void org.apache.geode.tools.pulse.internal.controllers.PulseController.pulseVersion(javax.servlet.http.HttpServletRequest,javax.servlet.http.HttpServletResponse) throws java.io.IOException
2019-02-27 13:26:36,690 INFO o.s.w.s.m.m.a.RequestMappingHandlerMapping [locator request thread[1]] Mapped "{[/pulseUpdate],methods=[POST]}" onto public void org.apache.geode.tools.pulse.internal.controllers.PulseController.getPulseUpdate(javax.servlet.http.HttpServletRequest,javax.servlet.http.HttpServletResponse) throws java.io.IOException
2019-02-27 13:26:36,690 INFO o.s.w.s.m.m.a.RequestMappingHandlerMapping [locator request thread[1]] Mapped "{[/authenticateUser],methods=[GET]}" onto public void org.apache.geode.tools.pulse.internal.controllers.PulseController.authenticateUser(javax.servlet.http.HttpServletRequest,javax.servlet.http.HttpServletResponse) throws java.io.IOException
2019-02-27 13:26:36,691 INFO o.s.w.s.m.m.a.RequestMappingHandlerMapping [locator request thread[1]] Mapped "{[/clearAlerts],methods=[GET]}" onto public void org.apache.geode.tools.pulse.internal.controllers.PulseController.clearAlerts(javax.servlet.http.HttpServletRequest,javax.servlet.http.HttpServletResponse) throws java.io.IOException
2019-02-27 13:26:36,691 INFO o.s.w.s.m.m.a.RequestMappingHandlerMapping [locator request thread[1]] Mapped "{[/acknowledgeAlert],methods=[GET]}" onto public void org.apache.geode.tools.pulse.internal.controllers.PulseController.acknowledgeAlert(javax.servlet.http.HttpServletRequest,javax.servlet.http.HttpServletResponse) throws java.io.IOException
2019-02-27 13:26:36,691 INFO o.s.w.s.m.m.a.RequestMappingHandlerMapping [locator request thread[1]] Mapped "{[/dataBrowserRegions],methods=[GET]}" onto public void org.apache.geode.tools.pulse.internal.controllers.PulseController.dataBrowserRegions(javax.servlet.http.HttpServletRequest,javax.servlet.http.HttpServletResponse) throws java.io.IOException
2019-02-27 13:26:36,691 INFO o.s.w.s.m.m.a.RequestMappingHandlerMapping [locator request thread[1]] Mapped "{[/dataBrowserQuery],methods=[GET]}" onto public void org.apache.geode.tools.pulse.internal.controllers.PulseController.dataBrowserQuery(javax.servlet.http.HttpServletRequest,javax.servlet.http.HttpServletResponse) throws java.io.IOException
2019-02-27 13:26:36,691 INFO o.s.w.s.m.m.a.RequestMappingHandlerMapping [locator request thread[1]] Mapped "{[/dataBrowserQueryHistory],methods=[GET]}" onto public void org.apache.geode.tools.pulse.internal.controllers.PulseController.dataBrowserQueryHistory(javax.servlet.http.HttpServletRequest,javax.servlet.http.HttpServletResponse) throws java.io.IOException
2019-02-27 13:26:36,692 INFO o.s.w.s.m.m.a.RequestMappingHandlerMapping [locator request thread[1]] Mapped "{[/dataBrowserExport],methods=[GET]}" onto public void org.apache.geode.tools.pulse.internal.controllers.PulseController.dataBrowserExport(javax.servlet.http.HttpServletRequest,javax.servlet.http.HttpServletResponse) throws java.io.IOException
2019-02-27 13:26:36,692 INFO o.s.w.s.m.m.a.RequestMappingHandlerMapping [locator request thread[1]] Mapped "{[/getQueryStatisticsGridModel],methods=[GET]}" onto public void org.apache.geode.tools.pulse.internal.controllers.PulseController.getQueryStatisticsGridModel(javax.servlet.http.HttpServletRequest,javax.servlet.http.HttpServletResponse) throws java.io.IOException
2019-02-27 13:26:36,721 INFO o.s.w.s.m.m.a.RequestMappingHandlerAdapter [locator request thread[1]] Looking for @ControllerAdvice: WebApplicationContext for namespace 'mvc-dispatcher-servlet': startup date [Wed Feb 27 13:26:36 PST 2019]; parent: Root WebApplicationContext
2019-02-27 13:26:36,736 INFO o.s.w.s.m.m.a.RequestMappingHandlerAdapter [locator request thread[1]] Looking for @ControllerAdvice: WebApplicationContext for namespace 'mvc-dispatcher-servlet': startup date [Wed Feb 27 13:26:36 PST 2019]; parent: Root WebApplicationContext
2019-02-27 13:26:36,751 INFO o.s.w.s.m.m.a.ExceptionHandlerExceptionResolver [locator request thread[1]] Detected @ExceptionHandler methods in exceptionHandlingAdvice
2019-02-27 13:26:36,765 INFO o.s.w.s.h.SimpleUrlHandlerMapping [locator request thread[1]] Mapped URL path [/**] onto handler 'org.springframework.web.servlet.resource.DefaultServletHttpRequestHandler#0'
2019-02-27 13:26:36,814 INFO o.s.w.s.DispatcherServlet [locator request thread[1]] FrameworkServlet 'mvc-dispatcher': initialization completed in 246 ms
2019-02-27 13:33:17,863 INFO o.a.g.t.p.i.d.Repository [qtp674864132-91] Creating New Cluster Thread... : admin
2019-02-27 13:33:17,873 INFO o.a.g.t.p.i.d.JMXDataUpdater [qtp674864132-91] Use Locator is set:false
2019-02-27 13:33:17,873 INFO o.a.g.t.p.i.d.JMXDataUpdater [qtp674864132-91] Host= & Port=1099
2019-02-27 13:33:17,878 INFO o.a.g.t.p.i.d.JMXDataUpdater [qtp674864132-91] Connecting to jmxURL : service:jmx:rmi:///jndi/rmi://:1099/jmxrmi
2019-02-27 13:44:42,462 INFO o.s.w.c.s.XmlWebApplicationContext [Thread-45] Closing WebApplicationContext for namespace 'mvc-dispatcher-servlet': startup date [Wed Feb 27 13:26:36 PST 2019]; parent: Root WebApplicationContext
2019-02-27 13:44:45,287 INFO o.a.g.t.p.i.d.Cluster [PULSE-:1099:admin] Stopping update thread for cluster :: :1099
2019-02-27 13:44:45,288 INFO o.a.g.t.p.i.d.Repository [Thread-45] Removing Cluster Thread... : admin
2019-02-27 13:44:45,288 INFO o.a.g.t.p.i.PulseAppListener [Thread-45] Context Destroyed.. /pulse
2019-02-27 13:44:45,288 INFO o.s.w.c.s.XmlWebApplicationContext [Thread-45] Closing Root WebApplicationContext: startup date [Wed Feb 27 13:26:35 PST 2019]; root of context hierarchy
